NOTE: Picked up JDK_JAVA_OPTIONS:  --add-opens=java.base/java.lang=ALL-UNNAMED --add-opens=java.base/java.io=ALL-UNNAMED --add-opens=java.base/java.util=ALL-UNNAMED --add-opens=java.base/java.util.concurrent=ALL-UNNAMED --add-opens=java.rmi/sun.rmi.transport=ALL-UNNAMED
19-Jan-2022 19:43:09.119 INFO [main] org.apache.catalina.startup.VersionLoggerListener.log 서버 버전 이름:    Apache Tomcat/9.0.56
19-Jan-2022 19:43:09.132 INFO [main] org.apache.catalina.startup.VersionLoggerListener.log Server 빌드 시각:  Dec 2 2021 14:30:07 UTC
19-Jan-2022 19:43:09.132 INFO [main] org.apache.catalina.startup.VersionLoggerListener.log Server 버전 번호:  9.0.56.0
19-Jan-2022 19:43:09.133 INFO [main] org.apache.catalina.startup.VersionLoggerListener.log 운영체제 이름:     Mac OS X
19-Jan-2022 19:43:09.133 INFO [main] org.apache.catalina.startup.VersionLoggerListener.log 운영체제 버전:     11.1
19-Jan-2022 19:43:09.133 INFO [main] org.apache.catalina.startup.VersionLoggerListener.log 아키텍처:          x86_64
19-Jan-2022 19:43:09.133 INFO [main] org.apache.catalina.startup.VersionLoggerListener.log 자바 홈:           /Library/Java/JavaVirtualMachines/jdk-11.0.12.jdk/Contents/Home
19-Jan-2022 19:43:09.133 INFO [main] org.apache.catalina.startup.VersionLoggerListener.log JVM 버전:          11.0.12+8-LTS-237
19-Jan-2022 19:43:09.133 INFO [main] org.apache.catalina.startup.VersionLoggerListener.log JVM 벤더:          Oracle Corporation
19-Jan-2022 19:43:09.134 INFO [main] org.apache.catalina.startup.VersionLoggerListener.log CATALINA_BASE:     /Users/csk/eclipse-workspace/4_servlet/apache-tomcat-9.0.56
19-Jan-2022 19:43:09.134 INFO [main] org.apache.catalina.startup.VersionLoggerListener.log CATALINA_HOME:     /Users/csk/eclipse-workspace/4_servlet/apache-tomcat-9.0.56
19-Jan-2022 19:43:09.225 INFO [main] org.apache.catalina.startup.VersionLoggerListener.log 명령 행 아규먼트:  --add-opens=java.base/java.lang=ALL-UNNAMED
19-Jan-2022 19:43:09.226 INFO [main] org.apache.catalina.startup.VersionLoggerListener.log 명령 행 아규먼트:  --add-opens=java.base/java.io=ALL-UNNAMED
19-Jan-2022 19:43:09.226 INFO [main] org.apache.catalina.startup.VersionLoggerListener.log 명령 행 아규먼트:  --add-opens=java.base/java.util=ALL-UNNAMED
19-Jan-2022 19:43:09.226 INFO [main] org.apache.catalina.startup.VersionLoggerListener.log 명령 행 아규먼트:  --add-opens=java.base/java.util.concurrent=ALL-UNNAMED
19-Jan-2022 19:43:09.226 INFO [main] org.apache.catalina.startup.VersionLoggerListener.log 명령 행 아규먼트:  --add-opens=java.rmi/sun.rmi.transport=ALL-UNNAMED
19-Jan-2022 19:43:09.226 INFO [main] org.apache.catalina.startup.VersionLoggerListener.log 명령 행 아규먼트:  -Djava.util.logging.config.file=/Users/csk/eclipse-workspace/4_servlet/apache-tomcat-9.0.56/conf/logging.properties
19-Jan-2022 19:43:09.226 INFO [main] org.apache.catalina.startup.VersionLoggerListener.log 명령 행 아규먼트:  -Djava.util.logging.manager=org.apache.juli.ClassLoaderLogManager
19-Jan-2022 19:43:09.227 INFO [main] org.apache.catalina.startup.VersionLoggerListener.log 명령 행 아규먼트:  -Djdk.tls.ephemeralDHKeySize=2048
19-Jan-2022 19:43:09.227 INFO [main] org.apache.catalina.startup.VersionLoggerListener.log 명령 행 아규먼트:  -Djava.protocol.handler.pkgs=org.apache.catalina.webresources
19-Jan-2022 19:43:09.227 INFO [main] org.apache.catalina.startup.VersionLoggerListener.log 명령 행 아규먼트:  -Dorg.apache.catalina.security.SecurityListener.UMASK=0027
19-Jan-2022 19:43:09.227 INFO [main] org.apache.catalina.startup.VersionLoggerListener.log 명령 행 아규먼트:  -Dignore.endorsed.dirs=
19-Jan-2022 19:43:09.227 INFO [main] org.apache.catalina.startup.VersionLoggerListener.log 명령 행 아규먼트:  -Dcatalina.base=/Users/csk/eclipse-workspace/4_servlet/apache-tomcat-9.0.56
19-Jan-2022 19:43:09.227 INFO [main] org.apache.catalina.startup.VersionLoggerListener.log 명령 행 아규먼트:  -Dcatalina.home=/Users/csk/eclipse-workspace/4_servlet/apache-tomcat-9.0.56
19-Jan-2022 19:43:09.227 INFO [main] org.apache.catalina.startup.VersionLoggerListener.log 명령 행 아규먼트:  -Djava.io.tmpdir=/Users/csk/eclipse-workspace/4_servlet/apache-tomcat-9.0.56/temp
19-Jan-2022 19:43:09.234 INFO [main] org.apache.catalina.core.AprLifecycleListener.lifecycleEvent 프로덕션 환경들에서 최적의 성능을 제공하는, APR 기반 Apache Tomcat Native 라이브러리가, 다음 java.library.path에서 발견되지 않습니다: [/Users/csk/Library/Java/Extensions:/Library/Java/Extensions:/Network/Library/Java/Extensions:/System/Library/Java/Extensions:/usr/lib/java:.]
19-Jan-2022 19:43:09.814 INFO [main] org.apache.coyote.AbstractProtocol.init 프로토콜 핸들러 ["http-nio-8080"]을(를) 초기화합니다.
19-Jan-2022 19:43:09.890 INFO [main] org.apache.catalina.startup.Catalina.load [1115] 밀리초 내에 서버가 초기화되었습니다.
19-Jan-2022 19:43:10.032 INFO [main] org.apache.catalina.core.StandardService.startInternal 서비스 [Catalina]을(를) 시작합니다.
19-Jan-2022 19:43:10.033 INFO [main] org.apache.catalina.core.StandardEngine.startInternal 서버 엔진을 시작합니다: [Apache Tomcat/9.0.56]
19-Jan-2022 19:43:10.044 INFO [main] org.apache.catalina.startup.HostConfig.deployDirectory 웹 애플리케이션 디렉토리 [/Users/csk/eclipse-workspace/4_servlet/apache-tomcat-9.0.56/webapps/docs]을(를) 배치합니다.
19-Jan-2022 19:43:10.532 INFO [main] org.apache.catalina.startup.HostConfig.deployDirectory 웹 애플리케이션 디렉토리 [/Users/csk/eclipse-workspace/4_servlet/apache-tomcat-9.0.56/webapps/docs]에 대한 배치가 [481] 밀리초에 완료되었습니다.
19-Jan-2022 19:43:10.534 INFO [main] org.apache.catalina.startup.HostConfig.deployDirectory 웹 애플리케이션 디렉토리 [/Users/csk/eclipse-workspace/4_servlet/apache-tomcat-9.0.56/webapps/manager]을(를) 배치합니다.
19-Jan-2022 19:43:10.613 INFO [main] org.apache.catalina.startup.HostConfig.deployDirectory 웹 애플리케이션 디렉토리 [/Users/csk/eclipse-workspace/4_servlet/apache-tomcat-9.0.56/webapps/manager]에 대한 배치가 [79] 밀리초에 완료되었습니다.
19-Jan-2022 19:43:10.613 INFO [main] org.apache.catalina.startup.HostConfig.deployDirectory 웹 애플리케이션 디렉토리 [/Users/csk/eclipse-workspace/4_servlet/apache-tomcat-9.0.56/webapps/examples]을(를) 배치합니다.
19-Jan-2022 19:43:10.974 INFO [main] org.apache.catalina.startup.HostConfig.deployDirectory 웹 애플리케이션 디렉토리 [/Users/csk/eclipse-workspace/4_servlet/apache-tomcat-9.0.56/webapps/examples]에 대한 배치가 [361] 밀리초에 완료되었습니다.
19-Jan-2022 19:43:10.974 INFO [main] org.apache.catalina.startup.HostConfig.deployDirectory 웹 애플리케이션 디렉토리 [/Users/csk/eclipse-workspace/4_servlet/apache-tomcat-9.0.56/webapps/ROOT]을(를) 배치합니다.
19-Jan-2022 19:43:10.997 INFO [main] org.apache.catalina.startup.HostConfig.deployDirectory 웹 애플리케이션 디렉토리 [/Users/csk/eclipse-workspace/4_servlet/apache-tomcat-9.0.56/webapps/ROOT]에 대한 배치가 [23] 밀리초에 완료되었습니다.
19-Jan-2022 19:43:10.997 INFO [main] org.apache.catalina.startup.HostConfig.deployDirectory 웹 애플리케이션 디렉토리 [/Users/csk/eclipse-workspace/4_servlet/apache-tomcat-9.0.56/webapps/host-manager]을(를) 배치합니다.
19-Jan-2022 19:43:11.027 INFO [main] org.apache.catalina.startup.HostConfig.deployDirectory 웹 애플리케이션 디렉토리 [/Users/csk/eclipse-workspace/4_servlet/apache-tomcat-9.0.56/webapps/host-manager]에 대한 배치가 [30] 밀리초에 완료되었습니다.
19-Jan-2022 19:43:11.036 INFO [main] org.apache.coyote.AbstractProtocol.start 프로토콜 핸들러 ["http-nio-8080"]을(를) 시작합니다.
19-Jan-2022 19:43:11.059 INFO [main] org.apache.catalina.startup.Catalina.start 서버가 [1168] 밀리초 내에 시작되었습니다.
19-Jan-2022 19:50:59.783 INFO [main] org.apache.catalina.core.StandardServer.await 셧다운 포트를 통해 유효한 셧다운 명령을 받았습니다. 서버 인스턴스를 중지시킵니다.
19-Jan-2022 19:50:59.800 INFO [main] org.apache.coyote.AbstractProtocol.pause 프로토콜 핸들러 ["http-nio-8080"]을(를) 일시 정지 중
19-Jan-2022 19:50:59.823 INFO [main] org.apache.catalina.core.StandardService.stopInternal 서비스 [Catalina]을(를) 중지시킵니다.
19-Jan-2022 19:50:59.935 INFO [main] org.apache.coyote.AbstractProtocol.stop 프로토콜 핸들러 ["http-nio-8080"]을(를) 중지시킵니다.
19-Jan-2022 19:50:59.960 INFO [main] org.apache.coyote.AbstractProtocol.destroy 프로토콜 핸들러 ["http-nio-8080"]을(를) 소멸시킵니다.
